<?xml version="1.0" encoding="UTF-8"?>
<testsuites name="jest tests" tests="3" failures="2" errors="0" time="6.88">
  <testsuite name="UndoRedoContext" errors="0" failures="2" skipped="0" timestamp="2025-12-31T01:17:58" time="2.907" tests="3">
    <testcase classname="UndoRedoContext additional branch coverage useUndoRedo throws outside provider (error branch)" name="UndoRedoContext additional branch coverage useUndoRedo throws outside provider (error branch)" time="0.082">
    </testcase>
    <testcase classname="UndoRedoContext additional branch coverage provider supplies history instance and toggles canUndo/canRedo via push/undo/redo" name="UndoRedoContext additional branch coverage provider supplies history instance and toggles canUndo/canRedo via push/undo/redo" time="0.014">
      <failure>Error: useUndoRedo must be used within an UndoRedoProvider
    at useUndoRedo (C:\Learning\System Design\todo-solution\todo-frontend\src\context\UndoRedoContext.js:21:11)
    at Consumer (C:\Learning\System Design\todo-solution\todo-frontend\src\context\__tests__\UndoRedoContext.test.js:72:74)
    at Object.react_stack_bottom_frame (C:\Learning\System Design\todo-solution\todo-frontend\node_modules\react-dom\cjs\react-dom-client.development.js:23863:20)
    at renderWithHooks (C:\Learning\System Design\todo-solution\todo-frontend\node_modules\react-dom\cjs\react-dom-client.development.js:5529:22)
    at updateFunctionComponent (C:\Learning\System Design\todo-solution\todo-frontend\node_modules\react-dom\cjs\react-dom-client.development.js:8897:19)
    at beginWork (C:\Learning\System Design\todo-solution\todo-frontend\node_modules\react-dom\cjs\react-dom-client.development.js:10522:18)
    at runWithFiberInDEV (C:\Learning\System Design\todo-solution\todo-frontend\node_modules\react-dom\cjs\react-dom-client.development.js:1522:13)
    at performUnitOfWork (C:\Learning\System Design\todo-solution\todo-frontend\node_modules\react-dom\cjs\react-dom-client.development.js:15140:22)
    at workLoopSync (C:\Learning\System Design\todo-solution\todo-frontend\node_modules\react-dom\cjs\react-dom-client.development.js:14956:41)
    at renderRootSync (C:\Learning\System Design\todo-solution\todo-frontend\node_modules\react-dom\cjs\react-dom-client.development.js:14936:11)
    at performWorkOnRoot (C:\Learning\System Design\todo-solution\todo-frontend\node_modules\react-dom\cjs\react-dom-client.development.js:14462:44)
    at performWorkOnRootViaSchedulerTask (C:\Learning\System Design\todo-solution\todo-frontend\node_modules\react-dom\cjs\react-dom-client.development.js:16216:7)
    at flushActQueue (C:\Learning\System Design\todo-solution\todo-frontend\node_modules\react\cjs\react.development.js:566:34)
    at Object.&lt;anonymous&gt;.process.env.NODE_ENV.exports.act (C:\Learning\System Design\todo-solution\todo-frontend\node_modules\react\cjs\react.development.js:860:10)
    at C:\Learning\System Design\todo-solution\todo-frontend\node_modules\@testing-library\react\dist\act-compat.js:47:25
    at renderRoot (C:\Learning\System Design\todo-solution\todo-frontend\node_modules\@testing-library\react\dist\pure.js:190:26)
    at render (C:\Learning\System Design\todo-solution\todo-frontend\node_modules\@testing-library\react\dist\pure.js:292:10)
    at C:\Learning\System Design\todo-solution\todo-frontend\src\context\__tests__\UndoRedoContext.test.js:122:13
    at Generator.&lt;anonymous&gt; (C:\Learning\System Design\todo-solution\todo-frontend\node_modules\@babel\runtime\helpers\regenerator.js:52:51)
    at Generator.next (C:\Learning\System Design\todo-solution\todo-frontend\node_modules\@babel\runtime\helpers\regeneratorDefine.js:11:21)
    at asyncGeneratorStep (C:\Learning\System Design\todo-solution\todo-frontend\node_modules\@babel\runtime\helpers\asyncToGenerator.js:3:17)
    at _next (C:\Learning\System Design\todo-solution\todo-frontend\node_modules\@babel\runtime\helpers\asyncToGenerator.js:17:9)
    at C:\Learning\System Design\todo-solution\todo-frontend\node_modules\@babel\runtime\helpers\asyncToGenerator.js:22:7
    at new Promise (&lt;anonymous&gt;)
    at Object.&lt;anonymous&gt; (C:\Learning\System Design\todo-solution\todo-frontend\node_modules\@babel\runtime\helpers\asyncToGenerator.js:14:12)
    at Promise.then.completed (C:\Learning\System Design\todo-solution\todo-frontend\node_modules\jest-circus\build\utils.js:391:28)
    at new Promise (&lt;anonymous&gt;)
    at callAsyncCircusFn (C:\Learning\System Design\todo-solution\todo-frontend\node_modules\jest-circus\build\utils.js:316:10)
    at _callCircusTest (C:\Learning\System Design\todo-solution\todo-frontend\node_modules\jest-circus\build\run.js:218:40)
    at processTicksAndRejections (node:internal/process/task_queues:95:5)
    at _runTest (C:\Learning\System Design\todo-solution\todo-frontend\node_modules\jest-circus\build\run.js:155:3)
    at _runTestsForDescribeBlock (C:\Learning\System Design\todo-solution\todo-frontend\node_modules\jest-circus\build\run.js:66:9)
    at _runTestsForDescribeBlock (C:\Learning\System Design\todo-solution\todo-frontend\node_modules\jest-circus\build\run.js:60:9)
    at _runTestsForDescribeBlock (C:\Learning\System Design\todo-solution\todo-frontend\node_modules\jest-circus\build\run.js:60:9)
    at run (C:\Learning\System Design\todo-solution\todo-frontend\node_modules\jest-circus\build\run.js:25:3)
    at runAndTransformResultsToJestFormat (C:\Learning\System Design\todo-solution\todo-frontend\node_modules\jest-circus\build\legacy-code-todo-rewrite\jestAdapterInit.js:170:21)
    at jestAdapter (C:\Learning\System Design\todo-solution\todo-frontend\node_modules\jest-circus\build\legacy-code-todo-rewrite\jestAdapter.js:82:19)
    at runTestInternal (C:\Learning\System Design\todo-solution\todo-frontend\node_modules\jest-runner\build\runTest.js:389:16)
    at runTest (C:\Learning\System Design\todo-solution\todo-frontend\node_modules\jest-runner\build\runTest.js:475:34)
    at Object.worker (C:\Learning\System Design\todo-solution\todo-frontend\node_modules\jest-runner\build\testWorker.js:133:12)</failure>
    </testcase>
    <testcase classname="UndoRedoContext UndoRedoProvider coverage - provider function lines calls useHistory and provides its instance via context" name="UndoRedoContext UndoRedoProvider coverage - provider function lines calls useHistory and provides its instance via context" time="0.007">
      <failure>Error: useUndoRedo must be used within an UndoRedoProvider
    at useUndoRedo (C:\Learning\System Design\todo-solution\todo-frontend\src\context\UndoRedoContext.js:21:11)
    at ConsumerProvider (C:\Learning\System Design\todo-solution\todo-frontend\src\context\__tests__\UndoRedoContext.test.js:164:49)
    at Object.react_stack_bottom_frame (C:\Learning\System Design\todo-solution\todo-frontend\node_modules\react-dom\cjs\react-dom-client.development.js:23863:20)
    at renderWithHooks (C:\Learning\System Design\todo-solution\todo-frontend\node_modules\react-dom\cjs\react-dom-client.development.js:5529:22)
    at updateFunctionComponent (C:\Learning\System Design\todo-solution\todo-frontend\node_modules\react-dom\cjs\react-dom-client.development.js:8897:19)
    at beginWork (C:\Learning\System Design\todo-solution\todo-frontend\node_modules\react-dom\cjs\react-dom-client.development.js:10522:18)
    at runWithFiberInDEV (C:\Learning\System Design\todo-solution\todo-frontend\node_modules\react-dom\cjs\react-dom-client.development.js:1522:13)
    at performUnitOfWork (C:\Learning\System Design\todo-solution\todo-frontend\node_modules\react-dom\cjs\react-dom-client.development.js:15140:22)
    at workLoopSync (C:\Learning\System Design\todo-solution\todo-frontend\node_modules\react-dom\cjs\react-dom-client.development.js:14956:41)
    at renderRootSync (C:\Learning\System Design\todo-solution\todo-frontend\node_modules\react-dom\cjs\react-dom-client.development.js:14936:11)
    at performWorkOnRoot (C:\Learning\System Design\todo-solution\todo-frontend\node_modules\react-dom\cjs\react-dom-client.development.js:14462:44)
    at performWorkOnRootViaSchedulerTask (C:\Learning\System Design\todo-solution\todo-frontend\node_modules\react-dom\cjs\react-dom-client.development.js:16216:7)
    at flushActQueue (C:\Learning\System Design\todo-solution\todo-frontend\node_modules\react\cjs\react.development.js:566:34)
    at Object.&lt;anonymous&gt;.process.env.NODE_ENV.exports.act (C:\Learning\System Design\todo-solution\todo-frontend\node_modules\react\cjs\react.development.js:860:10)
    at C:\Learning\System Design\todo-solution\todo-frontend\node_modules\@testing-library\react\dist\act-compat.js:47:25
    at renderRoot (C:\Learning\System Design\todo-solution\todo-frontend\node_modules\@testing-library\react\dist\pure.js:190:26)
    at render (C:\Learning\System Design\todo-solution\todo-frontend\node_modules\@testing-library\react\dist\pure.js:292:10)
    at Object.&lt;anonymous&gt; (C:\Learning\System Design\todo-solution\todo-frontend\src\context\__tests__\UndoRedoContext.test.js:174:13)
    at Promise.then.completed (C:\Learning\System Design\todo-solution\todo-frontend\node_modules\jest-circus\build\utils.js:391:28)
    at new Promise (&lt;anonymous&gt;)
    at callAsyncCircusFn (C:\Learning\System Design\todo-solution\todo-frontend\node_modules\jest-circus\build\utils.js:316:10)
    at _callCircusTest (C:\Learning\System Design\todo-solution\todo-frontend\node_modules\jest-circus\build\run.js:218:40)
    at processTicksAndRejections (node:internal/process/task_queues:95:5)
    at _runTest (C:\Learning\System Design\todo-solution\todo-frontend\node_modules\jest-circus\build\run.js:155:3)
    at _runTestsForDescribeBlock (C:\Learning\System Design\todo-solution\todo-frontend\node_modules\jest-circus\build\run.js:66:9)
    at _runTestsForDescribeBlock (C:\Learning\System Design\todo-solution\todo-frontend\node_modules\jest-circus\build\run.js:60:9)
    at _runTestsForDescribeBlock (C:\Learning\System Design\todo-solution\todo-frontend\node_modules\jest-circus\build\run.js:60:9)
    at run (C:\Learning\System Design\todo-solution\todo-frontend\node_modules\jest-circus\build\run.js:25:3)
    at runAndTransformResultsToJestFormat (C:\Learning\System Design\todo-solution\todo-frontend\node_modules\jest-circus\build\legacy-code-todo-rewrite\jestAdapterInit.js:170:21)
    at jestAdapter (C:\Learning\System Design\todo-solution\todo-frontend\node_modules\jest-circus\build\legacy-code-todo-rewrite\jestAdapter.js:82:19)
    at runTestInternal (C:\Learning\System Design\todo-solution\todo-frontend\node_modules\jest-runner\build\runTest.js:389:16)
    at runTest (C:\Learning\System Design\todo-solution\todo-frontend\node_modules\jest-runner\build\runTest.js:475:34)
    at Object.worker (C:\Learning\System Design\todo-solution\todo-frontend\node_modules\jest-runner\build\testWorker.js:133:12)</failure>
    </testcase>
  </testsuite>
</testsuites>