<?xml version="1.0" encoding="UTF-8"?>
<testsuites name="jest tests" tests="68" failures="0" errors="0" time="8.199">
  <testsuite name="useKeyboardShortcuts" errors="0" failures="0" skipped="0" timestamp="2025-12-03T10:22:13" time="3.199" tests="11">
    <testcase classname="useKeyboardShortcuts should call undo on Ctrl+Z" name="useKeyboardShortcuts should call undo on Ctrl+Z" time="0.03">
    </testcase>
    <testcase classname="useKeyboardShortcuts should call redo on Ctrl+Shift+Z" name="useKeyboardShortcuts should call redo on Ctrl+Shift+Z" time="0.005">
    </testcase>
    <testcase classname="useKeyboardShortcuts should call redo on Ctrl+Y" name="useKeyboardShortcuts should call redo on Ctrl+Y" time="0.005">
    </testcase>
    <testcase classname="useKeyboardShortcuts should not call undo when in input field" name="useKeyboardShortcuts should not call undo when in input field" time="0.007">
    </testcase>
    <testcase classname="useKeyboardShortcuts should not call undo when in textarea" name="useKeyboardShortcuts should not call undo when in textarea" time="0.007">
    </testcase>
    <testcase classname="useKeyboardShortcuts should not call undo when in select element" name="useKeyboardShortcuts should not call undo when in select element" time="0.005">
    </testcase>
    <testcase classname="useKeyboardShortcuts should not call undo when in contenteditable element" name="useKeyboardShortcuts should not call undo when in contenteditable element" time="0.004">
    </testcase>
    <testcase classname="useKeyboardShortcuts should work with Cmd key on Mac (metaKey)" name="useKeyboardShortcuts should work with Cmd key on Mac (metaKey)" time="0.002">
    </testcase>
    <testcase classname="useKeyboardShortcuts should not call undo when canUndo is false" name="useKeyboardShortcuts should not call undo when canUndo is false" time="0.004">
    </testcase>
    <testcase classname="useKeyboardShortcuts should not call redo when canRedo is false" name="useKeyboardShortcuts should not call redo when canRedo is false" time="0.003">
    </testcase>
    <testcase classname="useKeyboardShortcuts should ignore other key combinations" name="useKeyboardShortcuts should ignore other key combinations" time="0.002">
    </testcase>
  </testsuite>
  <testsuite name="TodoUpdate" errors="0" failures="0" skipped="4" timestamp="2025-12-03T10:22:13" time="3.234" tests="4">
    <testcase classname="TodoUpdate shows correct initial values for id=1, including activity type and completed checkbox" name="TodoUpdate shows correct initial values for id=1, including activity type and completed checkbox" time="0">
      <skipped/>
    </testcase>
    <testcase classname="TodoUpdate hides completed checkbox when activity type is switched to &apos;regular&apos;" name="TodoUpdate hides completed checkbox when activity type is switched to &apos;regular&apos;" time="0">
      <skipped/>
    </testcase>
    <testcase classname="TodoUpdate allows changing title and activity type, submits update and sends correct payload" name="TodoUpdate allows changing title and activity type, submits update and sends correct payload" time="0">
      <skipped/>
    </testcase>
    <testcase classname="TodoUpdate shows error message if update fails" name="TodoUpdate shows error message if update fails" time="0">
      <skipped/>
    </testcase>
  </testsuite>
  <testsuite name="useCommands" errors="0" failures="0" skipped="0" timestamp="2025-12-03T10:22:13" time="3.236" tests="7">
    <testcase classname="useCommands createTodoCommand should create a todo and update state" name="useCommands createTodoCommand should create a todo and update state" time="0.009">
    </testcase>
    <testcase classname="useCommands createTodoCommand should undo create by deleting the todo" name="useCommands createTodoCommand should undo create by deleting the todo" time="0.003">
    </testcase>
    <testcase classname="useCommands updateTodoCommand should update a todo and revert on undo" name="useCommands updateTodoCommand should update a todo and revert on undo" time="0.002">
    </testcase>
    <testcase classname="useCommands deleteTodoCommand should delete a todo and restore on undo" name="useCommands deleteTodoCommand should delete a todo and restore on undo" time="0.002">
    </testcase>
    <testcase classname="useCommands toggleCompleteCommand should toggle completion status" name="useCommands toggleCompleteCommand should toggle completion status" time="0.002">
    </testcase>
    <testcase classname="useCommands error handling should handle create errors" name="useCommands error handling should handle create errors" time="0.038">
    </testcase>
    <testcase classname="useCommands error handling should handle undo errors" name="useCommands error handling should handle undo errors" time="0.002">
    </testcase>
  </testsuite>
  <testsuite name="useHistory Hook" errors="0" failures="0" skipped="0" timestamp="2025-12-03T10:22:13" time="3.249" tests="10">
    <testcase classname="useHistory Hook should initialize with empty history" name="useHistory Hook should initialize with empty history" time="0.042">
    </testcase>
    <testcase classname="useHistory Hook should push commands to undo stack" name="useHistory Hook should push commands to undo stack" time="0.006">
    </testcase>
    <testcase classname="useHistory Hook should undo commands correctly" name="useHistory Hook should undo commands correctly" time="0.013">
    </testcase>
    <testcase classname="useHistory Hook should redo commands correctly" name="useHistory Hook should redo commands correctly" time="0.008">
    </testcase>
    <testcase classname="useHistory Hook should clear redo stack when new command is pushed" name="useHistory Hook should clear redo stack when new command is pushed" time="0.007">
    </testcase>
    <testcase classname="useHistory Hook should enforce maximum stack size" name="useHistory Hook should enforce maximum stack size" time="0.009">
    </testcase>
    <testcase classname="useHistory Hook should persist history to sessionStorage" name="useHistory Hook should persist history to sessionStorage" time="0.004">
    </testcase>
    <testcase classname="useHistory Hook should restore history from sessionStorage on mount" name="useHistory Hook should restore history from sessionStorage on mount" time="0.003">
    </testcase>
    <testcase classname="useHistory Hook should clear history" name="useHistory Hook should clear history" time="0.004">
    </testcase>
    <testcase classname="useHistory Hook should handle undo errors gracefully" name="useHistory Hook should handle undo errors gracefully" time="0.004">
    </testcase>
  </testsuite>
  <testsuite name="HistoryControls" errors="0" failures="0" skipped="0" timestamp="2025-12-03T10:22:13" time="3.285" tests="9">
    <testcase classname="HistoryControls should render undo and redo buttons" name="HistoryControls should render undo and redo buttons" time="0.069">
    </testcase>
    <testcase classname="HistoryControls should enable undo button when canUndo is true" name="HistoryControls should enable undo button when canUndo is true" time="0.037">
    </testcase>
    <testcase classname="HistoryControls should disable undo button when canUndo is false" name="HistoryControls should disable undo button when canUndo is false" time="0.012">
    </testcase>
    <testcase classname="HistoryControls should enable redo button when canRedo is true" name="HistoryControls should enable redo button when canRedo is true" time="0.007">
    </testcase>
    <testcase classname="HistoryControls should disable redo button when canRedo is false" name="HistoryControls should disable redo button when canRedo is false" time="0.007">
    </testcase>
    <testcase classname="HistoryControls should call undo when undo button is clicked" name="HistoryControls should call undo when undo button is clicked" time="0.006">
    </testcase>
    <testcase classname="HistoryControls should call redo when redo button is clicked" name="HistoryControls should call redo when redo button is clicked" time="0.003">
    </testcase>
    <testcase classname="HistoryControls should have correct tooltips" name="HistoryControls should have correct tooltips" time="0.004">
    </testcase>
    <testcase classname="HistoryControls should have correct ARIA labels" name="HistoryControls should have correct ARIA labels" time="0.006">
    </testcase>
  </testsuite>
  <testsuite name="ToastContext" errors="0" failures="0" skipped="0" timestamp="2025-12-03T10:22:13" time="3.351" tests="5">
    <testcase classname="ToastContext should show and auto-remove toasts" name="ToastContext should show and auto-remove toasts" time="0.095">
    </testcase>
    <testcase classname="ToastContext should handle toast with action" name="ToastContext should handle toast with action" time="0.03">
    </testcase>
    <testcase classname="ToastContext should manually remove toast" name="ToastContext should manually remove toast" time="0.014">
    </testcase>
    <testcase classname="ToastContext should clear all toasts" name="ToastContext should clear all toasts" time="0.019">
    </testcase>
    <testcase classname="ToastContext should handle action click" name="ToastContext should handle action click" time="0.023">
    </testcase>
  </testsuite>
  <testsuite name="unit" errors="0" failures="0" skipped="0" timestamp="2025-12-03T10:22:13" time="3.452" tests="7">
    <testcase classname="unit ForgotPassword renders form fields and back button" name="unit ForgotPassword renders form fields and back button" time="0.113">
    </testcase>
    <testcase classname="unit ForgotPassword shows error when required fields missing" name="unit ForgotPassword shows error when required fields missing" time="0.023">
    </testcase>
    <testcase classname="unit ForgotPassword shows error if passwords do not match" name="unit ForgotPassword shows error if passwords do not match" time="0.037">
    </testcase>
    <testcase classname="unit ForgotPassword shows message after successful password reset and calls switchToLogin after delay" name="unit ForgotPassword shows message after successful password reset and calls switchToLogin after delay" time="0.046">
    </testcase>
    <testcase classname="unit ForgotPassword shows error if server returns !ok" name="unit ForgotPassword shows error if server returns !ok" time="0.022">
    </testcase>
    <testcase classname="unit ForgotPassword shows error on network/server failure" name="unit ForgotPassword shows error on network/server failure" time="0.032">
    </testcase>
    <testcase classname="unit ForgotPassword calls switchToLogin when Back to Login clicked" name="unit ForgotPassword calls switchToLogin when Back to Login clicked" time="0.01">
    </testcase>
  </testsuite>
  <testsuite name="Login Component" errors="0" failures="0" skipped="0" timestamp="2025-12-03T10:22:13" time="3.472" tests="3">
    <testcase classname="Login Component renders username and password inputs and login button" name="Login Component renders username and password inputs and login button" time="0.175">
    </testcase>
    <testcase classname="Login Component calls onLogin with a token when valid credentials are entered" name="Login Component calls onLogin with a token when valid credentials are entered" time="0.051">
    </testcase>
    <testcase classname="Login Component shows error with invalid credentials" name="Login Component shows error with invalid credentials" time="0.061">
    </testcase>
  </testsuite>
  <testsuite name="TodoForm" errors="0" failures="0" skipped="0" timestamp="2025-12-03T10:22:13" time="3.515" tests="6">
    <testcase classname="TodoForm handles tag input correctly" name="TodoForm handles tag input correctly" time="0.181">
    </testcase>
    <testcase classname="TodoForm uses existing tag suggestions correctly" name="TodoForm uses existing tag suggestions correctly" time="0.031">
    </testcase>
    <testcase classname="TodoForm renders the Create Todo form" name="TodoForm renders the Create Todo form" time="0.011">
    </testcase>
    <testcase classname="TodoForm shows pending approval message if user.status is PENDING" name="TodoForm shows pending approval message if user.status is PENDING" time="0.004">
    </testcase>
    <testcase classname="TodoForm calls navigate(&apos;/&apos;) when Back button is clicked" name="TodoForm calls navigate(&apos;/&apos;) when Back button is clicked" time="0.007">
    </testcase>
    <testcase classname="TodoForm submits form, calls axios.post and navigates to /" name="TodoForm submits form, calls axios.post and navigates to /" time="0.038">
    </testcase>
  </testsuite>
  <testsuite name="TodoList" errors="0" failures="0" skipped="2" timestamp="2025-12-03T10:22:13" time="3.838" tests="2">
    <testcase classname="TodoList renders pagination controls when there are multiple pages" name="TodoList renders pagination controls when there are multiple pages" time="0">
      <skipped/>
    </testcase>
    <testcase classname="TodoList updates pagination when next button is clicked" name="TodoList updates pagination when next button is clicked" time="0">
      <skipped/>
    </testcase>
  </testsuite>
  <testsuite name="unit" errors="0" failures="0" skipped="0" timestamp="2025-12-03T10:22:13" time="4.048" tests="4">
    <testcase classname="unit AdminPanel renders and shows no users pending approval" name="unit AdminPanel renders and shows no users pending approval" time="0.071">
    </testcase>
    <testcase classname="unit AdminPanel renders a list of pending users with approve buttons" name="unit AdminPanel renders a list of pending users with approve buttons" time="0.038">
    </testcase>
    <testcase classname="unit AdminPanel shows loading while fetching" name="unit AdminPanel shows loading while fetching" time="0.03">
    </testcase>
    <testcase classname="unit AdminPanel approves user and removes from list" name="unit AdminPanel approves user and removes from list" time="0.108">
    </testcase>
  </testsuite>
</testsuites>