<?xml version="1.0" encoding="UTF-8"?>
<testsuites name="jest tests" tests="29" failures="0" errors="0" time="6.427">
  <testsuite name="TodoUpdate" errors="0" failures="0" skipped="4" timestamp="2025-11-17T09:57:54" time="2.717" tests="4">
    <testcase classname="TodoUpdate shows correct initial values for id=1, including activity type and completed checkbox" name="TodoUpdate shows correct initial values for id=1, including activity type and completed checkbox" time="0">
      <skipped/>
    </testcase>
    <testcase classname="TodoUpdate hides completed checkbox when activity type is switched to &apos;regular&apos;" name="TodoUpdate hides completed checkbox when activity type is switched to &apos;regular&apos;" time="0">
      <skipped/>
    </testcase>
    <testcase classname="TodoUpdate allows changing title and activity type, submits update and sends correct payload" name="TodoUpdate allows changing title and activity type, submits update and sends correct payload" time="0">
      <skipped/>
    </testcase>
    <testcase classname="TodoUpdate shows error message if update fails" name="TodoUpdate shows error message if update fails" time="0">
      <skipped/>
    </testcase>
  </testsuite>
  <testsuite name="unit" errors="0" failures="0" skipped="0" timestamp="2025-11-17T09:57:54" time="2.982" tests="7">
    <testcase classname="unit ForgotPassword renders form fields and back button" name="unit ForgotPassword renders form fields and back button" time="0.097">
    </testcase>
    <testcase classname="unit ForgotPassword shows error when required fields missing" name="unit ForgotPassword shows error when required fields missing" time="0.022">
    </testcase>
    <testcase classname="unit ForgotPassword shows error if passwords do not match" name="unit ForgotPassword shows error if passwords do not match" time="0.028">
    </testcase>
    <testcase classname="unit ForgotPassword shows message after successful password reset and calls switchToLogin after delay" name="unit ForgotPassword shows message after successful password reset and calls switchToLogin after delay" time="0.056">
    </testcase>
    <testcase classname="unit ForgotPassword shows error if server returns !ok" name="unit ForgotPassword shows error if server returns !ok" time="0.028">
    </testcase>
    <testcase classname="unit ForgotPassword shows error on network/server failure" name="unit ForgotPassword shows error on network/server failure" time="0.041">
    </testcase>
    <testcase classname="unit ForgotPassword calls switchToLogin when Back to Login clicked" name="unit ForgotPassword calls switchToLogin when Back to Login clicked" time="0.008">
    </testcase>
  </testsuite>
  <testsuite name="unit" errors="0" failures="0" skipped="0" timestamp="2025-11-17T09:57:54" time="3.005" tests="4">
    <testcase classname="unit AdminPanel renders and shows no users pending approval" name="unit AdminPanel renders and shows no users pending approval" time="0.141">
    </testcase>
    <testcase classname="unit AdminPanel renders a list of pending users with approve buttons" name="unit AdminPanel renders a list of pending users with approve buttons" time="0.057">
    </testcase>
    <testcase classname="unit AdminPanel shows loading while fetching" name="unit AdminPanel shows loading while fetching" time="0.03">
    </testcase>
    <testcase classname="unit AdminPanel approves user and removes from list" name="unit AdminPanel approves user and removes from list" time="0.14">
    </testcase>
  </testsuite>
  <testsuite name="Login Component" errors="0" failures="0" skipped="0" timestamp="2025-11-17T09:57:54" time="3.027" tests="3">
    <testcase classname="Login Component renders username and password inputs and login button" name="Login Component renders username and password inputs and login button" time="0.13">
    </testcase>
    <testcase classname="Login Component calls onLogin with a token when valid credentials are entered" name="Login Component calls onLogin with a token when valid credentials are entered" time="0.076">
    </testcase>
    <testcase classname="Login Component shows error with invalid credentials" name="Login Component shows error with invalid credentials" time="0.09">
    </testcase>
  </testsuite>
  <testsuite name="TodoForm" errors="0" failures="0" skipped="0" timestamp="2025-11-17T09:57:54" time="3.173" tests="8">
    <testcase classname="TodoForm handles tag input correctly" name="TodoForm handles tag input correctly" time="0.186">
    </testcase>
    <testcase classname="TodoForm uses existing tag suggestions correctly" name="TodoForm uses existing tag suggestions correctly" time="0.07">
    </testcase>
    <testcase classname="TodoForm renders the Create Todo form" name="TodoForm renders the Create Todo form" time="0.013">
    </testcase>
    <testcase classname="TodoForm shows pending approval message if user.status is PENDING" name="TodoForm shows pending approval message if user.status is PENDING" time="0.005">
    </testcase>
    <testcase classname="TodoForm calls navigate(&apos;/&apos;) when Back button is clicked" name="TodoForm calls navigate(&apos;/&apos;) when Back button is clicked" time="0.01">
    </testcase>
    <testcase classname="TodoForm submits form, calls axios.post and navigates to /" name="TodoForm submits form, calls axios.post and navigates to /" time="0.047">
    </testcase>
    <testcase classname="TodoForm includes reminderAt in payload when set" name="TodoForm includes reminderAt in payload when set" time="0.037">
    </testcase>
    <testcase classname="TodoForm does not include reminderAt in payload when not set" name="TodoForm does not include reminderAt in payload when not set" time="0.044">
    </testcase>
  </testsuite>
  <testsuite name="TodoList" errors="0" failures="0" skipped="1" timestamp="2025-11-17T09:57:54" time="3.234" tests="3">
    <testcase classname="TodoList renders pagination controls when there are multiple pages" name="TodoList renders pagination controls when there are multiple pages" time="0">
      <skipped/>
    </testcase>
    <testcase classname="TodoList updates pagination when next button is clicked" name="TodoList updates pagination when next button is clicked" time="0.361">
    </testcase>
    <testcase classname="TodoList displays reminder status indicators correctly" name="TodoList displays reminder status indicators correctly" time="0.1">
    </testcase>
  </testsuite>
</testsuites>